<?xml version="1.0" encoding="UTF-8"?>
<!-- Generated by org.testng.reporters.JUnitReportReporter -->
<testsuite skipped="0" hostname="ip-172-31-76-186" name="com.example.NewTest" tests="1" failures="0" timestamp="29 Aug 2021 15:23:58 GMT" time="0.787" errors="0">
  <testcase name="testEasy" time="0.787" classname="com.example.NewTest"/>
</testsuite> <!-- com.example.NewTest -->
