<?xml version="1.0" encoding="UTF-8"?>
<!-- Generated by org.testng.reporters.JUnitReportReporter -->
<testsuite skipped="0" hostname="ip-172-31-76-186" name="com.company.TestAnnotations" tests="2" failures="0" timestamp="2021-08-28T15:28:32 UTC" time="0.007" errors="0">
  <testcase name="Test1" time="0.006" classname="com.company.TestAnnotations"/>
  <system-out/>
  <testcase name="Test2" time="0.001" classname="com.company.TestAnnotations"/>
  <system-out/>
</testsuite> <!-- com.company.TestAnnotations -->
