<?xml version="1.0" encoding="UTF-8"?>
<!-- Generated by org.testng.reporters.JUnitReportReporter -->
<testsuite skipped="0" hostname="ip-172-31-76-186" name="com.company.ParallelTests" tests="4" failures="0" timestamp="2021-08-28T16:31:02 UTC" time="19.395" errors="0">
  <testcase name="LaunchFirefox" time="9.270" classname="com.company.ParallelTests"/>
  <system-out/>
  <testcase name="LaunchChrome" time="4.589" classname="com.company.ParallelTests"/>
  <system-out/>
  <testcase name="TryFacebook1" time="0.424" classname="com.company.ParallelTests"/>
  <system-out/>
  <testcase name="TryFacebook2" time="5.112" classname="com.company.ParallelTests"/>
  <system-out/>
</testsuite> <!-- com.company.ParallelTests -->
